> Task :app:preBuild UP-TO-DATE
> Task :app:preDebugBuild UP-TO-DATE
> Task :app:mergeDebugNativeDebugMetadata NO-SOURCE
> Task :app:checkKotlinGradlePluginConfigurationErrors SKIPPED
> Task :app:checkDebugAarMetadata UP-TO-DATE
> Task :app:processDebugNavigationResources UP-TO-DATE
> Task :app:compileDebugNavigationResources UP-TO-DATE
> Task :app:generateDebugResValues UP-TO-DATE
> Task :app:mapDebugSourceSetPaths UP-TO-DATE
> Task :app:generateDebugResources UP-TO-DATE
> Task :app:mergeDebugResources UP-TO-DATE
> Task :app:packageDebugResources UP-TO-DATE
> Task :app:parseDebugLocalResources UP-TO-DATE
> Task :app:createDebugCompatibleScreenManifests UP-TO-DATE
> Task :app:extractDeepLinksDebug UP-TO-DATE
> Task :app:processDebugMainManifest UP-TO-DATE
> Task :app:processDebugManifest UP-TO-DATE
> Task :app:processDebugManifestForPackage UP-TO-DATE
> Task :app:processDebugResources UP-TO-DATE
> Task :app:javaPreCompileDebug UP-TO-DATE
> Task :app:mergeDebugShaders UP-TO-DATE
> Task :app:compileDebugShaders NO-SOURCE
> Task :app:generateDebugAssets UP-TO-DATE
> Task :app:mergeDebugAssets UP-TO-DATE
> Task :app:compressDebugAssets UP-TO-DATE
> Task :app:checkDebugDuplicateClasses UP-TO-DATE
> Task :app:desugarDebugFileDependencies UP-TO-DATE
> Task :app:mergeExtDexDebug UP-TO-DATE
> Task :app:mergeLibDexDebug UP-TO-DATE
> Task :app:mergeDebugJniLibFolders UP-TO-DATE
> Task :app:mergeDebugNativeLibs UP-TO-DATE
> Task :app:stripDebugDebugSymbols UP-TO-DATE
> Task :app:validateSigningDebug UP-TO-DATE
> Task :app:writeDebugAppMetadata UP-TO-DATE
> Task :app:writeDebugSigningConfigVersions UP-TO-DATE
> Task :app:kaptGenerateStubsDebugKotlin

> Task :app:kaptDebugKotlin
error: InjectProcessingStep was unable to process 'ExerciseLoggingViewModel(android.content.Context,androidx.lifecycle.SavedStateHandle,com.example.gymtime.data.repository.ExerciseRepository,com.example.gymtime.data.repository.WorkoutRepository,com.example.gymtime.data.UserPreferencesRepository,com.example.gymtime.data.VolumeOrbRepository,com.example.gymtime.ui.exercise.SupersetManager,com.example.gymtime.data.RoutineRepository)' because 'com.example.gymtime.data.repository.ExerciseRepository' could not be resolved.
  
  Dependency trace:
      => element (CLASS): com.example.gymtime.ui.exercise.ExerciseLoggingViewModel
      => element (CONSTRUCTOR): ExerciseLoggingViewModel(android.content.Context,androidx.lifecycle.SavedStateHandle,com.example.gymtime.data.repository.ExerciseRepository,com.example.gymtime.data.repository.WorkoutRepository,com.example.gymtime.data.UserPreferencesRepository,com.example.gymtime.data.VolumeOrbRepository,com.example.gymtime.ui.exercise.SupersetManager,com.example.gymtime.data.RoutineRepository)
      => type (EXECUTABLE constructor): (android.content.Context,androidx.lifecycle.SavedStateHandle,com.example.gymtime.data.repository.ExerciseRepository,com.example.gymtime.data.repository.WorkoutRepository,com.example.gymtime.data.UserPreferencesRepository,com.example.gymtime.data.VolumeOrbRepository,com.example.gymtime.ui.exercise.SupersetManager,com.example.gymtime.data.RoutineRepository)void
      => type (ERROR parameter type): com.example.gymtime.data.repository.ExerciseRepository
  
  If type 'com.example.gymtime.data.repository.ExerciseRepository' is a generated type, check above for compilation errors that may have prevented the type from being generated. Otherwise, ensure that type 'com.example.gymtime.data.repository.ExerciseRepository' is on your classpath.

> Task :app:kaptDebugKotlin FAILED

FAILURE: Build failed with an exception.

* What went wrong:
Execution failed for task ':app:kaptDebugKotlin'.
> A failure occurred while executing org.jetbrains.kotlin.gradle.internal.KaptWithoutKotlincTask$KaptExecutionWorkAction

* Try:
> Run with --stacktrace option to get the stack trace.
> Run with --info or --debug option to get more log output.
> Run with --scan to get full insights.
> Get more help at https://help.gradle.org.

BUILD FAILED in 7s
31 actionable tasks: 2 executed, 29 up-to-date
